This is pdfTeX, Version 3.141592653-2.6-1.40.25 (MiKTeX 23.10.12) (preloaded format=pdflatex 2023.12.8)  8 MAR 2024 18:00
entering extended mode
 restricted \write18 enabled.
 %&-line parsing enabled.
**./wic_birth.tex
(wic_birth.tex
LaTeX2e <2023-11-01>
L3 programming layer <2023-11-09>
(C:\Users\wenji\AppData\Local\Programs\MiKTeX\tex/latex/base\article.cls
Document Class: article 2023/05/17 v1.4n Standard LaTeX document class
(C:\Users\wenji\AppData\Local\Programs\MiKTeX\tex/latex/base\size11.clo
File: size11.clo 2023/05/17 v1.4n Standard LaTeX file (size option)
)
\c@part=\count186
\c@section=\count187
\c@subsection=\count188
\c@subsubsection=\count189
\c@paragraph=\count190
\c@subparagraph=\count191
\c@figure=\count192
\c@table=\count193
\abovecaptionskip=\skip48
\belowcaptionskip=\skip49
\bibindent=\dimen140
)
(C:\Users\wenji\AppData\Local\Programs\MiKTeX\tex/latex/a4wide\a4wide.sty
Package: a4wide 1994/08/30

(C:\Users\wenji\AppData\Local\Programs\MiKTeX\tex/latex/ntgclass\a4.sty
Package: a4 2023/01/10 v1.2g A4 based page layout
))
(C:\Users\wenji\AppData\Local\Programs\MiKTeX\tex/latex/graphics\graphicx.sty
Package: graphicx 2021/09/16 v1.2d Enhanced LaTeX Graphics (DPC,SPQR)

(C:\Users\wenji\AppData\Local\Programs\MiKTeX\tex/latex/graphics\keyval.sty
Package: keyval 2022/05/29 v1.15 key=value parser (DPC)
\KV@toks@=\toks17
)
(C:\Users\wenji\AppData\Local\Programs\MiKTeX\tex/latex/graphics\graphics.sty
Package: graphics 2022/03/10 v1.4e Standard LaTeX Graphics (DPC,SPQR)

(C:\Users\wenji\AppData\Local\Programs\MiKTeX\tex/latex/graphics\trig.sty
Package: trig 2021/08/11 v1.11 sin cos tan (DPC)
)
(C:\Users\wenji\AppData\Local\Programs\MiKTeX\tex/latex/graphics-cfg\graphics.c
fg
File: graphics.cfg 2016/06/04 v1.11 sample graphics configuration
)
Package graphics Info: Driver file: pdftex.def on input line 107.

(C:\Users\wenji\AppData\Local\Programs\MiKTeX\tex/latex/graphics-def\pdftex.def
File: pdftex.def 2022/09/22 v1.2b Graphics/color driver for pdftex
))
\Gin@req@height=\dimen141
\Gin@req@width=\dimen142
)
(C:\Users\wenji\AppData\Local\Programs\MiKTeX\tex/latex/fancyhdr\fancyhdr.sty
Package: fancyhdr 2022/11/09 v4.1 Extensive control of page headers and footers

\f@nch@headwidth=\skip50
\f@nch@O@elh=\skip51
\f@nch@O@erh=\skip52
\f@nch@O@olh=\skip53
\f@nch@O@orh=\skip54
\f@nch@O@elf=\skip55
\f@nch@O@erf=\skip56
\f@nch@O@olf=\skip57
\f@nch@O@orf=\skip58
)
(C:\Users\wenji\AppData\Local\Programs\MiKTeX\tex/latex/clrscode\clrscode.sty
Package: clrscode 2007/03/29 v1.7 format pseudocode

(C:\Users\wenji\AppData\Local\Programs\MiKTeX\tex/latex/base\latexsym.sty
Package: latexsym 1998/08/17 v2.2e Standard LaTeX package (lasy symbols)
\symlasy=\mathgroup4
LaTeX Font Info:    Overwriting symbol font `lasy' in version `bold'
(Font)                  U/lasy/m/n --> U/lasy/b/n on input line 52.
)
\c@codelinenumber=\count194
\c@indent=\count195
\digitwidth=\skip59
\savecode=\box51
\codeboxwidth=\skip60
\c@thisindent=\count196
)
(C:\Users\wenji\AppData\Local\Programs\MiKTeX\tex/latex/tools\tabularx.sty
Package: tabularx 2023/07/08 v2.11c `tabularx' package (DPC)

(C:\Users\wenji\AppData\Local\Programs\MiKTeX\tex/latex/tools\array.sty
Package: array 2023/10/16 v2.5g Tabular extension package (FMi)
\col@sep=\dimen143
\ar@mcellbox=\box52
\extrarowheight=\dimen144
\NC@list=\toks18
\extratabsurround=\skip61
\backup@length=\skip62
\ar@cellbox=\box53
)
\TX@col@width=\dimen145
\TX@old@table=\dimen146
\TX@old@col=\dimen147
\TX@target=\dimen148
\TX@delta=\dimen149
\TX@cols=\count197
\TX@ftn=\toks19
)
(C:\Users\wenji\AppData\Local\Programs\MiKTeX\tex/latex/amsmath\amsmath.sty
Package: amsmath 2023/05/13 v2.17o AMS math features
\@mathmargin=\skip63

For additional information on amsmath, use the `?' option.
(C:\Users\wenji\AppData\Local\Programs\MiKTeX\tex/latex/amsmath\amstext.sty
Package: amstext 2021/08/26 v2.01 AMS text

(C:\Users\wenji\AppData\Local\Programs\MiKTeX\tex/latex/amsmath\amsgen.sty
File: amsgen.sty 1999/11/30 v2.0 generic functions
\@emptytoks=\toks20
\ex@=\dimen150
))
(C:\Users\wenji\AppData\Local\Programs\MiKTeX\tex/latex/amsmath\amsbsy.sty
Package: amsbsy 1999/11/29 v1.2d Bold Symbols
\pmbraise@=\dimen151
)
(C:\Users\wenji\AppData\Local\Programs\MiKTeX\tex/latex/amsmath\amsopn.sty
Package: amsopn 2022/04/08 v2.04 operator names
)
\inf@bad=\count198
LaTeX Info: Redefining \frac on input line 234.
\uproot@=\count199
\leftroot@=\count266
LaTeX Info: Redefining \overline on input line 399.
LaTeX Info: Redefining \colon on input line 410.
\classnum@=\count267
\DOTSCASE@=\count268
LaTeX Info: Redefining \ldots on input line 496.
LaTeX Info: Redefining \dots on input line 499.
LaTeX Info: Redefining \cdots on input line 620.
\Mathstrutbox@=\box54
\strutbox@=\box55
LaTeX Info: Redefining \big on input line 722.
LaTeX Info: Redefining \Big on input line 723.
LaTeX Info: Redefining \bigg on input line 724.
LaTeX Info: Redefining \Bigg on input line 725.
\big@size=\dimen152
LaTeX Font Info:    Redeclaring font encoding OML on input line 743.
LaTeX Font Info:    Redeclaring font encoding OMS on input line 744.
\macc@depth=\count269
LaTeX Info: Redefining \bmod on input line 905.
LaTeX Info: Redefining \pmod on input line 910.
LaTeX Info: Redefining \smash on input line 940.
LaTeX Info: Redefining \relbar on input line 970.
LaTeX Info: Redefining \Relbar on input line 971.
\c@MaxMatrixCols=\count270
\dotsspace@=\muskip16
\c@parentequation=\count271
\dspbrk@lvl=\count272
\tag@help=\toks21
\row@=\count273
\column@=\count274
\maxfields@=\count275
\andhelp@=\toks22
\eqnshift@=\dimen153
\alignsep@=\dimen154
\tagshift@=\dimen155
\tagwidth@=\dimen156
\totwidth@=\dimen157
\lineht@=\dimen158
\@envbody=\toks23
\multlinegap=\skip64
\multlinetaggap=\skip65
\mathdisplay@stack=\toks24
LaTeX Info: Redefining \[ on input line 2953.
LaTeX Info: Redefining \] on input line 2954.
)
(C:\Users\wenji\AppData\Local\Programs\MiKTeX\tex/latex/amsfonts\amssymb.sty
Package: amssymb 2013/01/14 v3.01 AMS font symbols

(C:\Users\wenji\AppData\Local\Programs\MiKTeX\tex/latex/amsfonts\amsfonts.sty
Package: amsfonts 2013/01/14 v3.01 Basic AMSFonts support
\symAMSa=\mathgroup5
\symAMSb=\mathgroup6
LaTeX Font Info:    Redeclaring math symbol \hbar on input line 98.
LaTeX Font Info:    Overwriting math alphabet `\mathfrak' in version `bold'
(Font)                  U/euf/m/n --> U/euf/b/n on input line 106.
)) (C:\Users\wenji\AppData\Local\Programs\MiKTeX\tex/latex/graphics\color.sty
Package: color 2022/01/06 v1.3d Standard LaTeX Color (DPC)

(C:\Users\wenji\AppData\Local\Programs\MiKTeX\tex/latex/graphics-cfg\color.cfg
File: color.cfg 2016/01/02 v1.6 sample color configuration
)
Package color Info: Driver file: pdftex.def on input line 149.
(C:\Users\wenji\AppData\Local\Programs\MiKTeX\tex/latex/graphics\mathcolor.ltx)
) (C:\Users\wenji\AppData\Local\Programs\MiKTeX\tex/latex/enumitem\enumitem.sty
Package: enumitem 2019/06/20 v3.9 Customized lists
\labelindent=\skip66
\enit@outerparindent=\dimen159
\enit@toks=\toks25
\enit@inbox=\box56
\enit@count@id=\count276
\enitdp@description=\count277
) (algo.sty
Package: algo 1996/02/12 v1.2 LaTeX2e package for pseudo code

Package: `algo' v1.2 for pseudo code
(C:\Users\wenji\AppData\Local\Programs\MiKTeX\tex/latex/tools\xspace.sty
Package: xspace 2014/10/28 v1.13 Space after command names (DPC,MH)
)
\a@movein=\skip67
\a@curwidth=\skip68
\c@a@line=\count278
\c@algorithm=\count279
)
(C:\Users\wenji\AppData\Local\Programs\MiKTeX\tex/latex/tools\bm.sty
Package: bm 2023/07/08 v1.2f Bold Symbol Support (DPC/FMi)
\symboldoperators=\mathgroup7
\symboldletters=\mathgroup8
\symboldsymbols=\mathgroup9
Package bm Info: No bold for \OMX/cmex/m/n, using \pmb.
\symboldlasy=\mathgroup10
Package bm Info: No bold for \U/msa/m/n, using \pmb.
Package bm Info: No bold for \U/msb/m/n, using \pmb.
LaTeX Font Info:    Redeclaring math alphabet \mathbf on input line 149.
)
(C:\Users\wenji\AppData\Local\Programs\MiKTeX\tex/latex/tools\indentfirst.sty
Package: indentfirst 2023/07/02 v1.03 Indent first paragraph (DPC)
)
(C:\Users\wenji\AppData\Local\Programs\MiKTeX\tex/latex/hanging\hanging.sty
Package: hanging 2009/09/02 v1.2b hanging paragraphs and punctuation
\h@ngcommawd=\skip69
\h@ngfstopwd=\skip70
\h@ngquotewd=\skip71
\h@ngdquotewd=\skip72
\h@ngquerywd=\skip73
\h@ngexclwd=\skip74
\h@ngcolonwd=\skip75
\h@ngscolonwd=\skip76
)
(C:\Users\wenji\AppData\Local\Programs\MiKTeX\tex/latex/natbib\natbib.sty
Package: natbib 2010/09/13 8.31b (PWD, AO)
\bibhang=\skip77
\bibsep=\skip78
LaTeX Info: Redefining \cite on input line 694.
\c@NAT@ctr=\count280
)
(C:\Users\wenji\AppData\Local\Programs\MiKTeX\tex/latex/graphics\lscape.sty
Package: lscape 2020/05/28 v3.02 Landscape Pages (DPC)
)
(C:\Users\wenji\AppData\Local\Programs\MiKTeX\tex/latex/booktabs\booktabs.sty
Package: booktabs 2020/01/12 v1.61803398 Publication quality tables
\heavyrulewidth=\dimen160
\lightrulewidth=\dimen161
\cmidrulewidth=\dimen162
\belowrulesep=\dimen163
\belowbottomsep=\dimen164
\aboverulesep=\dimen165
\abovetopsep=\dimen166
\cmidrulesep=\dimen167
\cmidrulekern=\dimen168
\defaultaddspace=\dimen169
\@cmidla=\count281
\@cmidlb=\count282
\@aboverulesep=\dimen170
\@belowrulesep=\dimen171
\@thisruleclass=\count283
\@lastruleclass=\count284
\@thisrulewidth=\dimen172
)
(C:\Users\wenji\AppData\Local\Programs\MiKTeX\tex/latex/setspace\setspace.sty
Package: setspace 2022/12/04 v6.7b set line spacing
)
(C:\Users\wenji\AppData\Local\Programs\MiKTeX\tex/latex/makecell\makecell.sty
Package: makecell 2009/08/03 V0.1e Managing of Tab Column Heads and Cells
\rotheadsize=\dimen173
\c@nlinenum=\count285
\TeXr@lab=\toks26
)
(C:\Users\wenji\AppData\Local\Programs\MiKTeX\tex/latex/tools\dcolumn.sty
Package: dcolumn 2023/07/08 v1.06 decimal alignment package (DPC)
)
(C:\Users\wenji\AppData\Local\Programs\MiKTeX\tex/latex/tools\longtable.sty
Package: longtable 2023-11-01 v4.19 Multi-page Table package (DPC)
\LTleft=\skip79
\LTright=\skip80
\LTpre=\skip81
\LTpost=\skip82
\LTchunksize=\count286
\LTcapwidth=\dimen174
\LT@head=\box57
\LT@firsthead=\box58
\LT@foot=\box59
\LT@lastfoot=\box60
\LT@gbox=\box61
\LT@cols=\count287
\LT@rows=\count288
\c@LT@tables=\count289
\c@LT@chunks=\count290
\LT@p@ftn=\toks27
)
(C:\Users\wenji\AppData\Local\Programs\MiKTeX\tex/latex/caption\caption.sty
Package: caption 2023/08/05 v3.6o Customizing captions (AR)

(C:\Users\wenji\AppData\Local\Programs\MiKTeX\tex/latex/caption\caption3.sty
Package: caption3 2023/07/31 v2.4d caption3 kernel (AR)
\caption@tempdima=\dimen175
\captionmargin=\dimen176
\caption@leftmargin=\dimen177
\caption@rightmargin=\dimen178
\caption@width=\dimen179
\caption@indent=\dimen180
\caption@parindent=\dimen181
\caption@hangindent=\dimen182
Package caption Info: Standard document class detected.
)
\c@caption@flags=\count291
\c@continuedfloat=\count292
Package caption Info: longtable package is loaded.

(C:\Users\wenji\AppData\Local\Programs\MiKTeX\tex/latex/caption\ltcaption.sty
Package: ltcaption 2021/01/08 v1.4c longtable captions (AR)
))
(C:\Users\wenji\AppData\Local\Programs\MiKTeX\tex/latex/koma-script\tocbasic.st
y
Package: tocbasic 2023/07/07 v3.41 KOMA-Script package (handling toc-files)

(C:\Users\wenji\AppData\Local\Programs\MiKTeX\tex/latex/koma-script\scrbase.sty
Package: scrbase 2023/07/07 v3.41 KOMA-Script package (KOMA-Script-independent 
basics and keyval usage)

(C:\Users\wenji\AppData\Local\Programs\MiKTeX\tex/latex/koma-script\scrlfile.st
y
Package: scrlfile 2023/07/07 v3.41 KOMA-Script package (file load hooks)

(C:\Users\wenji\AppData\Local\Programs\MiKTeX\tex/latex/koma-script\scrlfile-ho
ok.sty
Package: scrlfile-hook 2023/07/07 v3.41 KOMA-Script package (using LaTeX hooks)


(C:\Users\wenji\AppData\Local\Programs\MiKTeX\tex/latex/koma-script\scrlogo.sty
Package: scrlogo 2023/07/07 v3.41 KOMA-Script package (logo)
)))
Applying: [2021/05/01] Usage of raw or classic option list on input line 252.
Already applied: [0000/00/00] Usage of raw or classic option list on input line
 368.
)
\scr@dte@tocline@numberwidth=\skip83
\scr@dte@tocline@numbox=\box62
)
(C:\Users\wenji\AppData\Local\Programs\MiKTeX\tex/latex/tablefootnote\tablefoot
note.sty
Package: tablefootnote 2014/01/26 v1.1c Table foot notes (HMM)

(C:\Users\wenji\AppData\Local\Programs\MiKTeX\tex/generic/ltxcmds\ltxcmds.sty
Package: ltxcmds 2020-05-10 v1.25 LaTeX kernel commands for general use (HO)
)
(C:\Users\wenji\AppData\Local\Programs\MiKTeX\tex/latex/letltxmacro\letltxmacro
.sty
Package: letltxmacro 2019/12/03 v1.6 Let assignment for LaTeX macros (HO)
)
(C:\Users\wenji\AppData\Local\Programs\MiKTeX\tex/latex/xifthen\xifthen.sty
Package: xifthen 2015/11/05 v1.4.0 Extended ifthen features

(C:\Users\wenji\AppData\Local\Programs\MiKTeX\tex/latex/tools\calc.sty
Package: calc 2023/07/08 v4.3 Infix arithmetic (KKT,FJ)
\calc@Acount=\count293
\calc@Bcount=\count294
\calc@Adimen=\dimen183
\calc@Bdimen=\dimen184
\calc@Askip=\skip84
\calc@Bskip=\skip85
LaTeX Info: Redefining \setlength on input line 80.
LaTeX Info: Redefining \addtolength on input line 81.
\calc@Ccount=\count295
\calc@Cskip=\skip86
)
(C:\Users\wenji\AppData\Local\Programs\MiKTeX\tex/latex/base\ifthen.sty
Package: ifthen 2022/04/13 v1.1d Standard LaTeX ifthen package (DPC)
)
(C:\Users\wenji\AppData\Local\Programs\MiKTeX\tex/latex/ifmtarg\ifmtarg.sty
Package: ifmtarg 2018/04/16 v1.2b check for an empty argument
))
(C:\Users\wenji\AppData\Local\Programs\MiKTeX\tex/latex/etoolbox\etoolbox.sty
Package: etoolbox 2020/10/05 v2.5k e-TeX tools for LaTeX (JAW)
\etb@tempcnta=\count296
)) (C:\Users\wenji\AppData\Local\Programs\MiKTeX\tex/latex/hyperref\hyperref.st
y
Package: hyperref 2023-11-26 v7.01g Hypertext links for LaTeX

(C:\Users\wenji\AppData\Local\Programs\MiKTeX\tex/generic/iftex\iftex.sty
Package: iftex 2022/02/03 v1.0f TeX engine tests
)
(C:\Users\wenji\AppData\Local\Programs\MiKTeX\tex/generic/infwarerr\infwarerr.s
ty
Package: infwarerr 2019/12/03 v1.5 Providing info/warning/error messages (HO)
)
(C:\Users\wenji\AppData\Local\Programs\MiKTeX\tex/latex/kvsetkeys\kvsetkeys.sty
Package: kvsetkeys 2022-10-05 v1.19 Key value parser (HO)
)
(C:\Users\wenji\AppData\Local\Programs\MiKTeX\tex/generic/kvdefinekeys\kvdefine
keys.sty
Package: kvdefinekeys 2019-12-19 v1.6 Define keys (HO)
)
(C:\Users\wenji\AppData\Local\Programs\MiKTeX\tex/generic/pdfescape\pdfescape.s
ty
Package: pdfescape 2019/12/09 v1.15 Implements pdfTeX's escape features (HO)

(C:\Users\wenji\AppData\Local\Programs\MiKTeX\tex/generic/pdftexcmds\pdftexcmds
.sty
Package: pdftexcmds 2020-06-27 v0.33 Utility functions of pdfTeX for LuaTeX (HO
)
Package pdftexcmds Info: \pdf@primitive is available.
Package pdftexcmds Info: \pdf@ifprimitive is available.
Package pdftexcmds Info: \pdfdraftmode found.
))
(C:\Users\wenji\AppData\Local\Programs\MiKTeX\tex/latex/hycolor\hycolor.sty
Package: hycolor 2020-01-27 v1.10 Color options for hyperref/bookmark (HO)
)
(C:\Users\wenji\AppData\Local\Programs\MiKTeX\tex/latex/auxhook\auxhook.sty
Package: auxhook 2019-12-17 v1.6 Hooks for auxiliary files (HO)
)
(C:\Users\wenji\AppData\Local\Programs\MiKTeX\tex/latex/hyperref\nameref.sty
Package: nameref 2023-11-26 v2.56 Cross-referencing by name of section

(C:\Users\wenji\AppData\Local\Programs\MiKTeX\tex/latex/refcount\refcount.sty
Package: refcount 2019/12/15 v3.6 Data extraction from label references (HO)
)
(C:\Users\wenji\AppData\Local\Programs\MiKTeX\tex/generic/gettitlestring\gettit
lestring.sty
Package: gettitlestring 2019/12/15 v1.6 Cleanup title references (HO)

(C:\Users\wenji\AppData\Local\Programs\MiKTeX\tex/latex/kvoptions\kvoptions.sty
Package: kvoptions 2022-06-15 v3.15 Key value format for package options (HO)
))
\c@section@level=\count297
)
\@linkdim=\dimen185
\Hy@linkcounter=\count298
\Hy@pagecounter=\count299
 (C:\Users\wenji\AppData\Local\Programs\MiKTeX\tex/latex/hyperref\pd1enc.def
File: pd1enc.def 2023-11-26 v7.01g Hyperref: PDFDocEncoding definition (HO)
Now handling font encoding PD1 ...
... no UTF-8 mapping file for font encoding PD1
) (C:\Users\wenji\AppData\Local\Programs\MiKTeX\tex/generic/intcalc\intcalc.sty
Package: intcalc 2019/12/15 v1.3 Expandable calculations with integers (HO)
)
\Hy@SavedSpaceFactor=\count300
 (C:\Users\wenji\AppData\Local\Programs\MiKTeX\tex/latex/hyperref\puenc.def
File: puenc.def 2023-11-26 v7.01g Hyperref: PDF Unicode definition (HO)
Now handling font encoding PU ...
... no UTF-8 mapping file for font encoding PU
)
Package hyperref Info: Hyper figures OFF on input line 4181.
Package hyperref Info: Link nesting OFF on input line 4186.
Package hyperref Info: Hyper index ON on input line 4189.
Package hyperref Info: Plain pages OFF on input line 4196.
Package hyperref Info: Backreferencing OFF on input line 4201.
Package hyperref Info: Implicit mode ON; LaTeX internals redefined.
Package hyperref Info: Bookmarks ON on input line 4448.
\c@Hy@tempcnt=\count301

(C:\Users\wenji\AppData\Local\Programs\MiKTeX\tex/latex/url\url.sty
\Urlmuskip=\muskip17
Package: url 2013/09/16  ver 3.4  Verb mode for urls, etc.
)
LaTeX Info: Redefining \url on input line 4786.
\XeTeXLinkMargin=\dimen186

(C:\Users\wenji\AppData\Local\Programs\MiKTeX\tex/generic/bitset\bitset.sty
Package: bitset 2019/12/09 v1.3 Handle bit-vector datatype (HO)

(C:\Users\wenji\AppData\Local\Programs\MiKTeX\tex/generic/bigintcalc\bigintcalc
.sty
Package: bigintcalc 2019/12/15 v1.5 Expandable calculations on big integers (HO
)
))
\Fld@menulength=\count302
\Field@Width=\dimen187
\Fld@charsize=\dimen188
Package hyperref Info: Hyper figures OFF on input line 6065.
Package hyperref Info: Link nesting OFF on input line 6070.
Package hyperref Info: Hyper index ON on input line 6073.
Package hyperref Info: backreferencing OFF on input line 6080.
Package hyperref Info: Link coloring OFF on input line 6085.
Package hyperref Info: Link coloring with OCG OFF on input line 6090.
Package hyperref Info: PDF/A mode OFF on input line 6095.

(C:\Users\wenji\AppData\Local\Programs\MiKTeX\tex/latex/base\atbegshi-ltx.sty
Package: atbegshi-ltx 2021/01/10 v1.0c Emulation of the original atbegshi
package with kernel methods
)
\Hy@abspage=\count303
\c@Item=\count304
\c@Hfootnote=\count305
)
Package hyperref Info: Driver (autodetected): hpdftex.
(C:\Users\wenji\AppData\Local\Programs\MiKTeX\tex/latex/hyperref\hpdftex.def
File: hpdftex.def 2023-11-26 v7.01g Hyperref driver for pdfTeX

(C:\Users\wenji\AppData\Local\Programs\MiKTeX\tex/latex/base\atveryend-ltx.sty
Package: atveryend-ltx 2020/08/19 v1.0a Emulation of the original atveryend pac
kage
with kernel methods
)
\Fld@listcount=\count306
\c@bookmark@seq@number=\count307

(C:\Users\wenji\AppData\Local\Programs\MiKTeX\tex/latex/rerunfilecheck\rerunfil
echeck.sty
Package: rerunfilecheck 2022-07-10 v1.10 Rerun checks for auxiliary files (HO)

(C:\Users\wenji\AppData\Local\Programs\MiKTeX\tex/generic/uniquecounter\uniquec
ounter.sty
Package: uniquecounter 2019/12/15 v1.4 Provide unlimited unique counter (HO)
)
Package uniquecounter Info: New unique counter `rerunfilecheck' on input line 2
85.
)
\Hy@SectionHShift=\skip87
)
(C:\Users\wenji\AppData\Local\Programs\MiKTeX\tex/latex/caption\subcaption.sty
Package: subcaption 2023/07/28 v1.6b Sub-captions (AR)
Package caption Info: New subtype `subfigure' on input line 238.
\c@subfigure=\count308
Package caption Info: New subtype `subtable' on input line 238.
\c@subtable=\count309
) (C:\Users\wenji\AppData\Local\Programs\MiKTeX\tex/latex/graphbox\graphbox.sty
Package: graphbox 2018/01/17 v1.1 extension for graphicx to adjust containing b
ox
\Gin@box@box=\box63
\Gin@box@width=\skip88
\Gin@box@height=\skip89
\Gin@box@raise=\skip90
\Gin@box@hspace=\skip91
\Gin@box@bwidth=\skip92
\Gin@box@bheight=\skip93
)
(C:\Users\wenji\AppData\Local\Programs\MiKTeX\tex/latex/threeparttable\threepar
ttable.sty
Package: threeparttable 2003/06/13  v 3.0
\@tempboxb=\box64
)
(C:\Users\wenji\AppData\Local\Programs\MiKTeX\tex/latex/placeins\placeins.sty
Package: placeins 2005/04/18  v 2.2
)
(C:\Users\wenji\AppData\Local\Programs\MiKTeX\tex/latex/l3backend\l3backend-pdf
tex.def
File: l3backend-pdftex.def 2023-11-09 L3 backend support: PDF output (pdfTeX)
\l__color_backend_stack_int=\count310
\l__pdf_internal_box=\box65
) (wic_birth.aux

LaTeX Warning: Label `cs_es1' multiply defined.


LaTeX Warning: Label `sub@cs_es1' multiply defined.


LaTeX Warning: Label `cs_es2' multiply defined.


LaTeX Warning: Label `sub@cs_es2' multiply defined.


LaTeX Warning: Label `cs_es3' multiply defined.


LaTeX Warning: Label `sub@cs_es3' multiply defined.


LaTeX Warning: Label `sa' multiply defined.


LaTeX Warning: Label `sa' multiply defined.


LaTeX Warning: Label `' multiply defined.


LaTeX Warning: Label `' multiply defined.


LaTeX Warning: Label `mk_es1' multiply defined.


LaTeX Warning: Label `sub@mk_es1' multiply defined.


LaTeX Warning: Label `mk_es2' multiply defined.


LaTeX Warning: Label `sub@mk_es2' multiply defined.


LaTeX Warning: Label `mk_es' multiply defined.


LaTeX Warning: Label `' multiply defined.


LaTeX Warning: Label `mk_es1' multiply defined.


LaTeX Warning: Label `sub@mk_es1' multiply defined.


LaTeX Warning: Label `mk_es2' multiply defined.


LaTeX Warning: Label `sub@mk_es2' multiply defined.


LaTeX Warning: Label `mk_es' multiply defined.

)
\openout1 = `wic_birth.aux'.

LaTeX Font Info:    Checking defaults for OML/cmm/m/it on input line 70.
LaTeX Font Info:    ... okay on input line 70.
LaTeX Font Info:    Checking defaults for OMS/cmsy/m/n on input line 70.
LaTeX Font Info:    ... okay on input line 70.
LaTeX Font Info:    Checking defaults for OT1/cmr/m/n on input line 70.
LaTeX Font Info:    ... okay on input line 70.
LaTeX Font Info:    Checking defaults for T1/cmr/m/n on input line 70.
LaTeX Font Info:    ... okay on input line 70.
LaTeX Font Info:    Checking defaults for TS1/cmr/m/n on input line 70.
LaTeX Font Info:    ... okay on input line 70.
LaTeX Font Info:    Checking defaults for OMX/cmex/m/n on input line 70.
LaTeX Font Info:    ... okay on input line 70.
LaTeX Font Info:    Checking defaults for U/cmr/m/n on input line 70.
LaTeX Font Info:    ... okay on input line 70.
LaTeX Font Info:    Checking defaults for PD1/pdf/m/n on input line 70.
LaTeX Font Info:    ... okay on input line 70.
LaTeX Font Info:    Checking defaults for PU/pdf/m/n on input line 70.
LaTeX Font Info:    ... okay on input line 70.

(C:\Users\wenji\AppData\Local\Programs\MiKTeX\tex/context/base/mkii\supp-pdf.mk
ii
[Loading MPS to PDF converter (version 2006.09.02).]
\scratchcounter=\count311
\scratchdimen=\dimen189
\scratchbox=\box66
\nofMPsegments=\count312
\nofMParguments=\count313
\everyMPshowfont=\toks28
\MPscratchCnt=\count314
\MPscratchDim=\dimen190
\MPnumerator=\count315
\makeMPintoPDFobject=\count316
\everyMPtoPDFconversion=\toks29
)
(C:\Users\wenji\AppData\Local\Programs\MiKTeX\tex/latex/epstopdf-pkg\epstopdf-b
ase.sty
Package: epstopdf-base 2020-01-24 v2.11 Base part for package epstopdf

(C:\Users\wenji\AppData\Local\Programs\MiKTeX\tex/latex/grfext\grfext.sty
Package: grfext 2019/12/03 v1.3 Manage graphics extensions (HO)
)
Package epstopdf-base Info: Redefining graphics rule for `.eps' on input line 4
85.
Package grfext Info: Graphics extension search list:
(grfext)             [.pdf,.png,.jpg,.mps,.jpeg,.jbig2,.jb2,.PDF,.PNG,.JPG,.JPE
G,.JBIG2,.JB2,.eps]
(grfext)             \AppendGraphicsExtensions on input line 504.

(C:\Users\wenji\AppData\Local\Programs\MiKTeX\tex/latex/00miktex\epstopdf-sys.c
fg
File: epstopdf-sys.cfg 2021/03/18 v2.0 Configuration of epstopdf for MiKTeX
))
Package caption Info: Begin \AtBeginDocument code.
Package caption Info: hyperref package is loaded.
Package caption Info: threeparttable package is loaded.
Package caption Info: End \AtBeginDocument code.
Package hyperref Info: Link coloring OFF on input line 70.
 (wic_birth.out) (wic_birth.out)
\@outlinefile=\write3
\openout3 = `wic_birth.out'.

LaTeX Font Info:    Trying to load font information for U+lasy on input line 75
.

(C:\Users\wenji\AppData\Local\Programs\MiKTeX\tex/latex/base\ulasy.fd
File: ulasy.fd 1998/08/17 v2.2e LaTeX symbol font definitions
)
LaTeX Font Info:    Trying to load font information for U+msa on input line 75.


(C:\Users\wenji\AppData\Local\Programs\MiKTeX\tex/latex/amsfonts\umsa.fd
File: umsa.fd 2013/01/14 v3.01 AMS symbols A
)
LaTeX Font Info:    Trying to load font information for U+msb on input line 75.


(C:\Users\wenji\AppData\Local\Programs\MiKTeX\tex/latex/amsfonts\umsb.fd
File: umsb.fd 2013/01/14 v3.01 AMS symbols B
)
LaTeX Font Info:    Font shape `U/lasy/b/n' in size <8> not available
(Font)              Font shape `U/lasy/m/n' tried instead on input line 75.
LaTeX Font Info:    Font shape `U/lasy/b/n' in size <6> not available
(Font)              Font shape `U/lasy/m/n' tried instead on input line 75.

[1{C:/Users/wenji/AppData/Local/MiKTeX/fonts/map/pdftex/pdftex.map}

]
(wic1_introduction.tex
<wic_par_sum_res.png, id=67, 467.5869pt x 303.534pt>
File: wic_par_sum_res.png Graphic file (type png)
<use wic_par_sum_res.png>
Package pdftex.def Info: wic_par_sum_res.png  used on input line 9.
(pdftex.def)             Requested size: 221.32687pt x 143.6753pt.
<wic_par_pc.png, id=68, 467.5869pt x 303.534pt>
File: wic_par_pc.png Graphic file (type png)
<use wic_par_pc.png>
Package pdftex.def Info: wic_par_pc.png  used on input line 15.
(pdftex.def)             Requested size: 221.32687pt x 143.6753pt.

Overfull \hbox (2.43333pt too wide) in paragraph at lines 7--19
[][] [] 
 []

[2

]) (wic2_data_and_research_design.tex [3 <./wic_par_sum_res.png> <./wic_par_pc.
png>]
<leum_hp.png, id=100, 467.5869pt x 260.172pt>
File: leum_hp.png Graphic file (type png)
<use leum_hp.png>
Package pdftex.def Info: leum_hp.png  used on input line 10.
(pdftex.def)             Requested size: 354.12434pt x 197.04596pt.
<density_wic_rate.png, id=108, 467.5869pt x 260.172pt>
File: density_wic_rate.png Graphic file (type png)
<use density_wic_rate.png>
Package pdftex.def Info: density_wic_rate.png  used on input line 22.
(pdftex.def)             Requested size: 354.12434pt x 197.04596pt.
LaTeX Font Info:    Font shape `U/lasy/b/n' in size <9> not available
(Font)              Font shape `U/lasy/m/n' tried instead on input line 30.
LaTeX Font Info:    Font shape `U/lasy/b/n' in size <5> not available
(Font)              Font shape `U/lasy/m/n' tried instead on input line 30.
 [4 <./leum_hp.png>]
<ewic_rollout_county_year.png, id=121, 476.2593pt x 332.442pt>
File: ewic_rollout_county_year.png Graphic file (type png)
<use ewic_rollout_county_year.png>
Package pdftex.def Info: ewic_rollout_county_year.png  used on input line 34.
(pdftex.def)             Requested size: 354.12434pt x 247.19022pt.
 [5 <./density_wic_rate.png>] [6] [7] [8 <./ewic_rollout_county_year.png>] [9])
 (wic3_results_robustness.tex
<wic_br_dyn_all_noncov.png, id=176, 467.5869pt x 260.172pt>
File: wic_br_dyn_all_noncov.png Graphic file (type png)
<use wic_br_dyn_all_noncov.png>
Package pdftex.def Info: wic_br_dyn_all_noncov.png  used on input line 40.
(pdftex.def)             Requested size: 143.86111pt x 80.04507pt.
<wic_br_dyn_leum_noncov.png, id=177, 467.5869pt x 260.172pt>
File: wic_br_dyn_leum_noncov.png Graphic file (type png)
<use wic_br_dyn_leum_noncov.png>
Package pdftex.def Info: wic_br_dyn_leum_noncov.png  used on input line 46.
(pdftex.def)             Requested size: 143.86111pt x 80.04507pt.

Underfull \hbox (badness 10000) in paragraph at lines 47--47
[]\OT1/cmr/m/sc/10 (b) |\OT1/cmr/m/n/10 LEUM Births, with-out
 []

<wic_br_dyn_leum_minor_noncov.png, id=178, 467.5869pt x 260.172pt>
File: wic_br_dyn_leum_minor_noncov.png Graphic file (type png)
<use wic_br_dyn_leum_minor_noncov.png>
Package pdftex.def Info: wic_br_dyn_leum_minor_noncov.png  used on input line 5
2.
(pdftex.def)             Requested size: 143.86111pt x 80.04507pt.
LaTeX Font Info:    Font shape `U/lasy/b/n' in size <7> not available
(Font)              Font shape `U/lasy/m/n' tried instead on input line 53.

Underfull \hbox (badness 1199) in paragraph at lines 53--53
[]\OT1/cmr/m/sc/10 (c) |\OT1/cmr/m/n/10 LEUM $\OMS/cmsy/m/n/10 ^^B$ \OT1/cmr/m/
n/10 Black/Hispanic,
 []

<wic_br_dyn_all.png, id=179, 467.5869pt x 260.172pt>
File: wic_br_dyn_all.png Graphic file (type png)
<use wic_br_dyn_all.png>
Package pdftex.def Info: wic_br_dyn_all.png  used on input line 58.
(pdftex.def)             Requested size: 143.86111pt x 80.04507pt.
<wic_br_dyn_leum.png, id=180, 467.5869pt x 260.172pt>
File: wic_br_dyn_leum.png Graphic file (type png)
<use wic_br_dyn_leum.png>
Package pdftex.def Info: wic_br_dyn_leum.png  used on input line 64.
(pdftex.def)             Requested size: 143.86111pt x 80.04507pt.
<wic_br_dyn_leum_minor.png, id=181, 467.5869pt x 260.172pt>
File: wic_br_dyn_leum_minor.png Graphic file (type png)
<use wic_br_dyn_leum_minor.png>
Package pdftex.def Info: wic_br_dyn_leum_minor.png  used on input line 70.
(pdftex.def)             Requested size: 143.86111pt x 80.04507pt.

Underfull \hbox (badness 1383) in paragraph at lines 71--71
[]\OT1/cmr/m/sc/10 (f) |\OT1/cmr/m/n/10 LEUM $\OMS/cmsy/m/n/10 ^^B$ \OT1/cmr/m/
n/10 Black/Hispanic,
 []


Underfull \hbox (badness 7722) in paragraph at lines 71--71
\OT1/cmr/m/n/10 with Con-trol-ling for County
 []

[10]
<group_att.png, id=190, 261.6174pt x 302.0886pt>
File: group_att.png Graphic file (type png)
<use group_att.png>
Package pdftex.def Info: group_att.png  used on input line 84.
(pdftex.def)             Requested size: 265.59494pt x 306.70656pt.
 [11 <./wic_br_dyn_all_noncov.png> <./wic_br_dyn_leum_noncov.png> <./wic_br_dyn
_leum_minor_noncov.png> <./wic_br_dyn_all.png> <./wic_br_dyn_leum.png> <./wic_b
r_dyn_leum_minor.png>] [12 <./group_att.png>]
Overfull \hbox (4.69092pt too wide) in paragraph at lines 120--120
 []|\OT1/cmr/m/n/8 0.0853$[]$| 
 []


Overfull \hbox (4.69092pt too wide) in paragraph at lines 120--120
 []|\OT1/cmr/m/n/8 0.1085$[]$| 
 []


Overfull \hbox (4.69092pt too wide) in paragraph at lines 120--120
 []|\OT1/cmr/m/n/8 0.1378$[]$| 
 []


Overfull \hbox (4.69092pt too wide) in paragraph at lines 120--120
 []|\OT1/cmr/m/n/8 0.1673$[]$| 
 []


Overfull \hbox (3.1355pt too wide) in paragraph at lines 120--120
 []|\OT1/cmr/m/n/8 (0.0167)| 
 []


Overfull \hbox (3.1355pt too wide) in paragraph at lines 120--120
 []|\OT1/cmr/m/n/8 (0.0198)| 
 []


Overfull \hbox (3.1355pt too wide) in paragraph at lines 120--120
 []|\OT1/cmr/m/n/8 (0.0226)| 
 []


Overfull \hbox (3.1355pt too wide) in paragraph at lines 120--120
 []|\OT1/cmr/m/n/8 (0.0317)| 
 []


Overfull \hbox (3.1355pt too wide) in paragraph at lines 120--120
 []|\OT1/cmr/m/n/8 (0.0380)| 
 []


Overfull \hbox (3.1355pt too wide) in paragraph at lines 120--120
 []|\OT1/cmr/m/n/8 (0.0475)| 
 []


Overfull \hbox (3.1355pt too wide) in paragraph at lines 120--120
 []|\OT1/cmr/m/n/8 (0.0569)| 
 []


Overfull \hbox (3.1355pt too wide) in paragraph at lines 120--120
 []|\OT1/cmr/m/n/8 (0.0515)| 
 []


Overfull \hbox (3.1355pt too wide) in paragraph at lines 120--120
 []|\OT1/cmr/m/n/8 (0.1113)| 
 []


Overfull \hbox (4.64548pt too wide) in paragraph at lines 186--186
 \OT1/cmr/m/n/9 Black/Hisp.| 
 []


Overfull \hbox (4.64548pt too wide) in paragraph at lines 186--186
 \OT1/cmr/m/n/9 Black/Hisp.| 
 []


Overfull \hbox (11.14236pt too wide) in paragraph at lines 216--216
 []|\OT1/cmr/m/n/9 Black/Hispanic| 
 []

) (wic4_comparison.tex [13] [14]

Package hyperref Warning: Token not allowed in a PDF string (Unicode):
(hyperref)                removing `\begingroup' on input line 1.


Package hyperref Warning: Token not allowed in a PDF string (Unicode):
(hyperref)                removing `\<let>-command' on input line 1.


Package hyperref Warning: Token not allowed in a PDF string (Unicode):
(hyperref)                removing `\NAT@ctype' on input line 1.


Package hyperref Warning: Token not allowed in a PDF string (Unicode):
(hyperref)                removing `\z@' on input line 1.


Package hyperref Warning: Token not allowed in a PDF string (Unicode):
(hyperref)                removing `\let' on input line 1.


Package hyperref Warning: Token not allowed in a PDF string (Unicode):
(hyperref)                removing `\let' on input line 1.


Package hyperref Warning: Token not allowed in a PDF string (Unicode):
(hyperref)                removing `\new@ifnextchar' on input line 1.

<fig8_mk.png, id=225, 467.5869pt x 260.172pt>
File: fig8_mk.png Graphic file (type png)
<use fig8_mk.png>
Package pdftex.def Info: fig8_mk.png  used on input line 7.
(pdftex.def)             Requested size: 221.32687pt x 123.15025pt.
<fig9_mk.png, id=230, 467.5869pt x 260.172pt>
File: fig9_mk.png Graphic file (type png)
<use fig9_mk.png>
Package pdftex.def Info: fig9_mk.png  used on input line 13.
(pdftex.def)             Requested size: 221.32687pt x 123.15025pt.
<fig8_mk_long.png, id=235, 467.5869pt x 260.172pt>
File: fig8_mk_long.png Graphic file (type png)
<use fig8_mk_long.png>
Package pdftex.def Info: fig8_mk_long.png  used on input line 19.
(pdftex.def)             Requested size: 221.32687pt x 123.15025pt.
<fig9_mk_long.png, id=236, 467.5869pt x 260.172pt>
File: fig9_mk_long.png Graphic file (type png)
<use fig9_mk_long.png>
Package pdftex.def Info: fig9_mk_long.png  used on input line 25.
(pdftex.def)             Requested size: 221.32687pt x 123.15025pt.

Overfull \hbox (2.43333pt too wide) in paragraph at lines 5--29
[][] []
 []


Overfull \hbox (2.43333pt too wide) in paragraph at lines 5--29
[] [] 
 []


Overfull \hbox (3.34258pt too wide) in paragraph at lines 67--67
 []|$\OMS/cmsy/m/n/8 ^^@\OT1/cmr/m/n/8 3\OML/cmm/m/it/8 :\OT1/cmr/m/n/8 8563[]$
| 
 []


Overfull \hbox (3.34258pt too wide) in paragraph at lines 67--67
 []|$\OMS/cmsy/m/n/8 ^^@\OT1/cmr/m/n/8 3\OML/cmm/m/it/8 :\OT1/cmr/m/n/8 9581[]$
| 
 []


Overfull \hbox (3.34258pt too wide) in paragraph at lines 67--67
 []|$\OMS/cmsy/m/n/8 ^^@\OT1/cmr/m/n/8 1\OML/cmm/m/it/8 :\OT1/cmr/m/n/8 9778[]$
| 
 []


Overfull \hbox (3.34258pt too wide) in paragraph at lines 67--67
 []|$\OMS/cmsy/m/n/8 ^^@\OT1/cmr/m/n/8 3\OML/cmm/m/it/8 :\OT1/cmr/m/n/8 9151[]$
| 
 []


Overfull \hbox (3.34258pt too wide) in paragraph at lines 67--67
 []|$\OMS/cmsy/m/n/8 ^^@\OT1/cmr/m/n/8 3\OML/cmm/m/it/8 :\OT1/cmr/m/n/8 7578[]$
| 
 []


Overfull \hbox (3.34258pt too wide) in paragraph at lines 67--67
 []|$\OMS/cmsy/m/n/8 ^^@\OT1/cmr/m/n/8 1\OML/cmm/m/it/8 :\OT1/cmr/m/n/8 9048[]$
| 
 []


Overfull \hbox (3.34258pt too wide) in paragraph at lines 67--67
 []|$\OMS/cmsy/m/n/8 ^^@\OT1/cmr/m/n/8 3\OML/cmm/m/it/8 :\OT1/cmr/m/n/8 2276[]$
| 
 []


Overfull \hbox (3.34258pt too wide) in paragraph at lines 67--67
 []|$\OMS/cmsy/m/n/8 ^^@\OT1/cmr/m/n/8 6\OML/cmm/m/it/8 :\OT1/cmr/m/n/8 1000[]$
| 
 []


Overfull \hbox (3.34258pt too wide) in paragraph at lines 67--67
 []|$\OMS/cmsy/m/n/8 ^^@\OT1/cmr/m/n/8 2\OML/cmm/m/it/8 :\OT1/cmr/m/n/8 4900[]$
| 
 []


Overfull \hbox (3.34258pt too wide) in paragraph at lines 67--67
 []|$\OMS/cmsy/m/n/8 ^^@\OT1/cmr/m/n/8 2\OML/cmm/m/it/8 :\OT1/cmr/m/n/8 7591[]$
| 
 []

<frac_mom_wic.png, id=241, 467.5869pt x 260.172pt>
File: frac_mom_wic.png Graphic file (type png)
<use frac_mom_wic.png>
Package pdftex.def Info: frac_mom_wic.png  used on input line 113.
(pdftex.def)             Requested size: 221.32687pt x 123.15025pt.
<frac_poor_wic.png, id=242, 467.5869pt x 260.172pt>
File: frac_poor_wic.png Graphic file (type png)
<use frac_poor_wic.png>
Package pdftex.def Info: frac_poor_wic.png  used on input line 119.
(pdftex.def)             Requested size: 221.32687pt x 123.15025pt.

Overfull \hbox (2.43333pt too wide) in paragraph at lines 111--123
[][] [] 
 []

<wic_tx_cs_es_frac_mom_wic.png, id=243, 467.5869pt x 260.172pt>
File: wic_tx_cs_es_frac_mom_wic.png Graphic file (type png)
<use wic_tx_cs_es_frac_mom_wic.png>
Package pdftex.def Info: wic_tx_cs_es_frac_mom_wic.png  used on input line 169.

(pdftex.def)             Requested size: 221.32687pt x 123.15025pt.
<wic_tx_cs_es_frac_poor_wic.png, id=244, 467.5869pt x 260.172pt>
File: wic_tx_cs_es_frac_poor_wic.png Graphic file (type png)
<use wic_tx_cs_es_frac_poor_wic.png>
Package pdftex.def Info: wic_tx_cs_es_frac_poor_wic.png  used on input line 175
.
(pdftex.def)             Requested size: 221.32687pt x 123.15025pt.

Overfull \hbox (2.43333pt too wide) in paragraph at lines 167--179
[][] [] 
 []

) [15 <./fig8_mk.png> <./fig9_mk.png> <./fig8_mk_long.png> <./fig9_mk_long.png>
] [16 <./frac_mom_wic.png> <./frac_poor_wic.png>] [17 <./wic_tx_cs_es_frac_mom_
wic.png> <./wic_tx_cs_es_frac_poor_wic.png>] (wic_birth.bbl [18

]) [19]
(wic_birth.aux)
 ***********
LaTeX2e <2023-11-01>
L3 programming layer <2023-11-09>
 ***********


LaTeX Warning: There were multiply-defined labels.


Package rerunfilecheck Warning: File `wic_birth.out' has changed.
(rerunfilecheck)                Rerun to get outlines right
(rerunfilecheck)                or use package `bookmark'.

Package rerunfilecheck Info: Checksums for `wic_birth.out':
(rerunfilecheck)             Before: BB1A4D34B6593C92B3728C9030292B05;1233
(rerunfilecheck)             After:  1F3F10713FFCC1869FEF3D82DA6445FC;1224.
 ) 
Here is how much of TeX's memory you used:
 14591 strings out of 474587
 239390 string characters out of 5745702
 1973558 words of memory out of 5000000
 36419 multiletter control sequences out of 15000+600000
 578843 words of font info for 118 fonts, out of 8000000 for 9000
 1141 hyphenation exceptions out of 8191
 95i,12n,93p,2060b,640s stack positions out of 10000i,1000n,20000p,200000b,200000s
<C:/Users/wenji/AppData/Local/Programs/MiKTeX/fonts/type1/public/amsfonts/cm/
cmbx10.pfb><C:/Users/wenji/AppData/Local/Programs/MiKTeX/fonts/type1/public/ams
fonts/cm/cmbx12.pfb><C:/Users/wenji/AppData/Local/Programs/MiKTeX/fonts/type1/p
ublic/amsfonts/cm/cmcsc10.pfb><C:/Users/wenji/AppData/Local/Programs/MiKTeX/fon
ts/type1/public/amsfonts/cm/cmex10.pfb><C:/Users/wenji/AppData/Local/Programs/M
iKTeX/fonts/type1/public/amsfonts/cm/cmmi10.pfb><C:/Users/wenji/AppData/Local/P
rograms/MiKTeX/fonts/type1/public/amsfonts/cm/cmmi8.pfb><C:/Users/wenji/AppData
/Local/Programs/MiKTeX/fonts/type1/public/amsfonts/cm/cmmi9.pfb><C:/Users/wenji
/AppData/Local/Programs/MiKTeX/fonts/type1/public/amsfonts/cm/cmr10.pfb><C:/Use
rs/wenji/AppData/Local/Programs/MiKTeX/fonts/type1/public/amsfonts/cm/cmr12.pfb
><C:/Users/wenji/AppData/Local/Programs/MiKTeX/fonts/type1/public/amsfonts/cm/c
mr17.pfb><C:/Users/wenji/AppData/Local/Programs/MiKTeX/fonts/type1/public/amsfo
nts/cm/cmr6.pfb><C:/Users/wenji/AppData/Local/Programs/MiKTeX/fonts/type1/publi
c/amsfonts/cm/cmr8.pfb><C:/Users/wenji/AppData/Local/Programs/MiKTeX/fonts/type
1/public/amsfonts/cm/cmr9.pfb><C:/Users/wenji/AppData/Local/Programs/MiKTeX/fon
ts/type1/public/amsfonts/cm/cmss10.pfb><C:/Users/wenji/AppData/Local/Programs/M
iKTeX/fonts/type1/public/amsfonts/cm/cmsy10.pfb><C:/Users/wenji/AppData/Local/P
rograms/MiKTeX/fonts/type1/public/amsfonts/cm/cmsy6.pfb><C:/Users/wenji/AppData
/Local/Programs/MiKTeX/fonts/type1/public/amsfonts/cm/cmsy8.pfb><C:/Users/wenji
/AppData/Local/Programs/MiKTeX/fonts/type1/public/amsfonts/cm/cmsy9.pfb><C:/Use
rs/wenji/AppData/Local/Programs/MiKTeX/fonts/type1/public/amsfonts/cm/cmti10.pf
b><C:/Users/wenji/AppData/Local/Programs/MiKTeX/fonts/type1/public/amsfonts/cm/
cmti9.pfb><C:/Users/wenji/AppData/Local/Programs/MiKTeX/fonts/type1/public/amsf
onts/symbols/msam10.pfb>
Output written on wic_birth.pdf (19 pages, 2143051 bytes).
PDF statistics:
 376 PDF objects out of 1000 (max. 8388607)
 64 named destinations out of 1000 (max. 500000)
 173 words of extra memory for PDF output out of 10000 (max. 10000000)

